INFO - 2023-09-20 11:56:35 --> Session: Class initialized using 'CodeIgniter\Session\Handlers\FileHandler' driver.
INFO - 2023-09-20 11:56:55 --> Session: Class initialized using 'CodeIgniter\Session\Handlers\FileHandler' driver.
INFO - 2023-09-20 13:02:05 --> Session: Class initialized using 'CodeIgniter\Session\Handlers\FileHandler' driver.
INFO - 2023-09-20 13:02:16 --> Session: Class initialized using 'CodeIgniter\Session\Handlers\FileHandler' driver.
INFO - 2023-09-20 13:02:51 --> Session: Class initialized using 'CodeIgniter\Session\Handlers\FileHandler' driver.
INFO - 2023-09-20 13:02:53 --> Session: Class initialized using 'CodeIgniter\Session\Handlers\FileHandler' driver.
INFO - 2023-09-20 13:03:00 --> Session: Class initialized using 'CodeIgniter\Session\Handlers\FileHandler' driver.
INFO - 2023-09-20 13:03:27 --> Session: Class initialized using 'CodeIgniter\Session\Handlers\FileHandler' driver.
INFO - 2023-09-20 13:03:41 --> Session: Class initialized using 'CodeIgniter\Session\Handlers\FileHandler' driver.
INFO - 2023-09-20 13:05:17 --> Session: Class initialized using 'CodeIgniter\Session\Handlers\FileHandler' driver.
INFO - 2023-09-20 13:05:20 --> Session: Class initialized using 'CodeIgniter\Session\Handlers\FileHandler' driver.
INFO - 2023-09-20 13:06:26 --> Session: Class initialized using 'CodeIgniter\Session\Handlers\FileHandler' driver.
INFO - 2023-09-20 13:06:29 --> Session: Class initialized using 'CodeIgniter\Session\Handlers\FileHandler' driver.
INFO - 2023-09-20 13:09:40 --> Session: Class initialized using 'CodeIgniter\Session\Handlers\FileHandler' driver.
INFO - 2023-09-20 13:09:43 --> Session: Class initialized using 'CodeIgniter\Session\Handlers\FileHandler' driver.
INFO - 2023-09-20 13:09:47 --> Session: Class initialized using 'CodeIgniter\Session\Handlers\FileHandler' driver.
CRITICAL - 2023-09-20 13:10:42 --> Class 'CodeIgniter\BaseController' not found
in APPPATH\Controllers\usuario_Controller.php on line 6.
 1 SYSTEMPATH\Autoloader\Autoloader.php(314): include_once()
 2 SYSTEMPATH\Autoloader\Autoloader.php(291): CodeIgniter\Autoloader\Autoloader->includeFile('C:\\xampp\\htdocs\\actividad_integradora\\app\\Controllers\\usuario_Controller.php')
 3 SYSTEMPATH\Autoloader\Autoloader.php(269): CodeIgniter\Autoloader\Autoloader->loadInNamespace('App\\Controllers\\usuario_Controller')
 4 [internal function]: CodeIgniter\Autoloader\Autoloader->loadClass('App\\Controllers\\usuario_Controller')
 5 [internal function]: spl_autoload_call('App\\Controllers\\usuario_Controller')
 6 SYSTEMPATH\CodeIgniter.php(890): class_exists('\\App\\Controllers\\usuario_Controller', true)
 7 SYSTEMPATH\CodeIgniter.php(484): CodeIgniter\CodeIgniter->startController()
 8 SYSTEMPATH\CodeIgniter.php(366): CodeIgniter\CodeIgniter->handleRequest(null, Object(Config\Cache), false)
 9 FCPATH\index.php(67): CodeIgniter\CodeIgniter->run()
INFO - 2023-09-20 13:10:46 --> Session: Class initialized using 'CodeIgniter\Session\Handlers\FileHandler' driver.
CRITICAL - 2023-09-20 13:10:48 --> Class 'CodeIgniter\BaseController' not found
in APPPATH\Controllers\usuario_Controller.php on line 6.
 1 SYSTEMPATH\Autoloader\Autoloader.php(314): include_once()
 2 SYSTEMPATH\Autoloader\Autoloader.php(291): CodeIgniter\Autoloader\Autoloader->includeFile('C:\\xampp\\htdocs\\actividad_integradora\\app\\Controllers\\usuario_Controller.php')
 3 SYSTEMPATH\Autoloader\Autoloader.php(269): CodeIgniter\Autoloader\Autoloader->loadInNamespace('App\\Controllers\\usuario_Controller')
 4 [internal function]: CodeIgniter\Autoloader\Autoloader->loadClass('App\\Controllers\\usuario_Controller')
 5 [internal function]: spl_autoload_call('App\\Controllers\\usuario_Controller')
 6 SYSTEMPATH\CodeIgniter.php(890): class_exists('\\App\\Controllers\\usuario_Controller', true)
 7 SYSTEMPATH\CodeIgniter.php(484): CodeIgniter\CodeIgniter->startController()
 8 SYSTEMPATH\CodeIgniter.php(366): CodeIgniter\CodeIgniter->handleRequest(null, Object(Config\Cache), false)
 9 FCPATH\index.php(67): CodeIgniter\CodeIgniter->run()
INFO - 2023-09-20 13:10:53 --> Session: Class initialized using 'CodeIgniter\Session\Handlers\FileHandler' driver.
CRITICAL - 2023-09-20 13:12:50 --> Class 'CodeIgniter\BaseController' not found
in APPPATH\Controllers\usuario_Controller.php on line 6.
 1 SYSTEMPATH\Autoloader\Autoloader.php(314): include_once()
 2 SYSTEMPATH\Autoloader\Autoloader.php(291): CodeIgniter\Autoloader\Autoloader->includeFile('C:\\xampp\\htdocs\\actividad_integradora\\app\\Controllers\\usuario_Controller.php')
 3 SYSTEMPATH\Autoloader\Autoloader.php(269): CodeIgniter\Autoloader\Autoloader->loadInNamespace('App\\Controllers\\usuario_Controller')
 4 [internal function]: CodeIgniter\Autoloader\Autoloader->loadClass('App\\Controllers\\usuario_Controller')
 5 [internal function]: spl_autoload_call('App\\Controllers\\usuario_Controller')
 6 SYSTEMPATH\CodeIgniter.php(890): class_exists('\\App\\Controllers\\usuario_Controller', true)
 7 SYSTEMPATH\CodeIgniter.php(484): CodeIgniter\CodeIgniter->startController()
 8 SYSTEMPATH\CodeIgniter.php(366): CodeIgniter\CodeIgniter->handleRequest(null, Object(Config\Cache), false)
 9 FCPATH\index.php(67): CodeIgniter\CodeIgniter->run()
INFO - 2023-09-20 13:12:52 --> Session: Class initialized using 'CodeIgniter\Session\Handlers\FileHandler' driver.
INFO - 2023-09-20 13:13:06 --> Session: Class initialized using 'CodeIgniter\Session\Handlers\FileHandler' driver.
INFO - 2023-09-20 13:16:05 --> Session: Class initialized using 'CodeIgniter\Session\Handlers\FileHandler' driver.
INFO - 2023-09-20 13:16:07 --> Session: Class initialized using 'CodeIgniter\Session\Handlers\FileHandler' driver.
INFO - 2023-09-20 13:16:36 --> Session: Class initialized using 'CodeIgniter\Session\Handlers\FileHandler' driver.
INFO - 2023-09-20 13:20:03 --> Session: Class initialized using 'CodeIgniter\Session\Handlers\FileHandler' driver.
INFO - 2023-09-20 13:21:02 --> Session: Class initialized using 'CodeIgniter\Session\Handlers\FileHandler' driver.
INFO - 2023-09-20 13:21:35 --> Session: Class initialized using 'CodeIgniter\Session\Handlers\FileHandler' driver.
CRITICAL - 2023-09-20 13:21:35 --> Use of undefined constant value - assumed 'value' (this will throw an Error in a future version of PHP)
in APPPATH\Views\back\usuario\registrarse.php on line 36.
 1 APPPATH\Views\back\usuario\registrarse.php(36): CodeIgniter\Debug\Exceptions->errorHandler(2, 'Use of undefined constant value - assumed \'value\' (this will throw an Error in a future version of PHP)', 'C:\\xampp\\htdocs\\actividad_integradora\\app\\Views\\back\\usuario\\registrarse.php', 36, [...])
 2 SYSTEMPATH\View\View.php(224): include('C:\\xampp\\htdocs\\actividad_integradora\\app\\Views\\back\\usuario\\registrarse.php')
 3 SYSTEMPATH\View\View.php(227): CodeIgniter\View\View->CodeIgniter\View\{closure}()
 4 SYSTEMPATH\Common.php(1176): CodeIgniter\View\View->render('back/usuario/registrarse', [], true)
 5 APPPATH\Controllers\usuario_Controller.php(36): view('back/usuario/registrarse', [...])
 6 SYSTEMPATH\CodeIgniter.php(932): App\Controllers\usuario_Controller->formValidation()
 7 SYSTEMPATH\CodeIgniter.php(497): CodeIgniter\CodeIgniter->runController(Object(App\Controllers\usuario_Controller))
 8 SYSTEMPATH\CodeIgniter.php(366): CodeIgniter\CodeIgniter->handleRequest(null, Object(Config\Cache), false)
 9 FCPATH\index.php(67): CodeIgniter\CodeIgniter->run()
INFO - 2023-09-20 13:21:43 --> Session: Class initialized using 'CodeIgniter\Session\Handlers\FileHandler' driver.
INFO - 2023-09-20 13:22:40 --> Session: Class initialized using 'CodeIgniter\Session\Handlers\FileHandler' driver.
INFO - 2023-09-20 13:24:44 --> Session: Class initialized using 'CodeIgniter\Session\Handlers\FileHandler' driver.
INFO - 2023-09-20 13:24:46 --> Session: Class initialized using 'CodeIgniter\Session\Handlers\FileHandler' driver.
INFO - 2023-09-20 13:25:24 --> Session: Class initialized using 'CodeIgniter\Session\Handlers\FileHandler' driver.
INFO - 2023-09-20 13:25:26 --> Session: Class initialized using 'CodeIgniter\Session\Handlers\FileHandler' driver.
INFO - 2023-09-20 13:27:01 --> Session: Class initialized using 'CodeIgniter\Session\Handlers\FileHandler' driver.
INFO - 2023-09-20 13:27:03 --> Session: Class initialized using 'CodeIgniter\Session\Handlers\FileHandler' driver.
INFO - 2023-09-20 13:27:10 --> Session: Class initialized using 'CodeIgniter\Session\Handlers\FileHandler' driver.
INFO - 2023-09-20 13:27:21 --> Session: Class initialized using 'CodeIgniter\Session\Handlers\FileHandler' driver.
INFO - 2023-09-20 13:31:36 --> Session: Class initialized using 'CodeIgniter\Session\Handlers\FileHandler' driver.
INFO - 2023-09-20 13:34:29 --> Session: Class initialized using 'CodeIgniter\Session\Handlers\FileHandler' driver.
ERROR - 2023-09-20 13:34:37 --> Error connecting to the database: mysqli_sql_exception: Unknown database 'rus_d' in C:\xampp\htdocs\actividad_integradora\system\Database\MySQLi\Connection.php:174
Stack trace:
#0 C:\xampp\htdocs\actividad_integradora\system\Database\MySQLi\Connection.php(174): mysqli->real_connect('localhost', 'root', '', 'rus_d', 3307, '', 0)
#1 C:\xampp\htdocs\actividad_integradora\system\Database\BaseConnection.php(391): CodeIgniter\Database\MySQLi\Connection->connect(false)
#2 C:\xampp\htdocs\actividad_integradora\system\Database\BaseConnection.php(574): CodeIgniter\Database\BaseConnection->initialize()
#3 C:\xampp\htdocs\actividad_integradora\system\Database\BaseBuilder.php(1616): CodeIgniter\Database\BaseConnection->query('SELECT 1\nFROM `...', Array, false)
#4 C:\xampp\htdocs\actividad_integradora\system\Validation\StrictRules\Rules.php(206): CodeIgniter\Database\BaseBuilder->get()
#5 C:\xampp\htdocs\actividad_integradora\system\Validation\Validation.php(278): CodeIgniter\Validation\StrictRules\Rules->is_unique('espinoza.m@gmai...', 'email', Array, NULL, 'email')
#6 C:\xampp\htdocs\actividad_integradora\system\Validation\Validation.php(182): CodeIgniter\Validation\Validation->processRules('email', 'email', 'espinoza.m@gmai...', Array, Array)
#7 C:\xampp\htdocs\actividad_integradora\system\Controller.php(141): CodeIgniter\Validation\Validation->run()
#8 C:\xampp\htdocs\actividad_integradora\app\Controllers\usuario_Controller.php(23): CodeIgniter\Controller->validate(Array)
#9 C:\xampp\htdocs\actividad_integradora\system\CodeIgniter.php(932): App\Controllers\usuario_Controller->formValidation()
#10 C:\xampp\htdocs\actividad_integradora\system\CodeIgniter.php(497): CodeIgniter\CodeIgniter->runController(Object(App\Controllers\usuario_Controller))
#11 C:\xampp\htdocs\actividad_integradora\system\CodeIgniter.php(366): CodeIgniter\CodeIgniter->handleRequest(NULL, Object(Config\Cache), false)
#12 C:\xampp\htdocs\actividad_integradora\index.php(67): CodeIgniter\CodeIgniter->run()
#13 {main}

Next CodeIgniter\Database\Exceptions\DatabaseException: Unknown database 'rus_d' in C:\xampp\htdocs\actividad_integradora\system\Database\MySQLi\Connection.php:218
Stack trace:
#0 C:\xampp\htdocs\actividad_integradora\system\Database\BaseConnection.php(391): CodeIgniter\Database\MySQLi\Connection->connect(false)
#1 C:\xampp\htdocs\actividad_integradora\system\Database\BaseConnection.php(574): CodeIgniter\Database\BaseConnection->initialize()
#2 C:\xampp\htdocs\actividad_integradora\system\Database\BaseBuilder.php(1616): CodeIgniter\Database\BaseConnection->query('SELECT 1\nFROM `...', Array, false)
#3 C:\xampp\htdocs\actividad_integradora\system\Validation\StrictRules\Rules.php(206): CodeIgniter\Database\BaseBuilder->get()
#4 C:\xampp\htdocs\actividad_integradora\system\Validation\Validation.php(278): CodeIgniter\Validation\StrictRules\Rules->is_unique('espinoza.m@gmai...', 'email', Array, NULL, 'email')
#5 C:\xampp\htdocs\actividad_integradora\system\Validation\Validation.php(182): CodeIgniter\Validation\Validation->processRules('email', 'email', 'espinoza.m@gmai...', Array, Array)
#6 C:\xampp\htdocs\actividad_integradora\system\Controller.php(141): CodeIgniter\Validation\Validation->run()
#7 C:\xampp\htdocs\actividad_integradora\app\Controllers\usuario_Controller.php(23): CodeIgniter\Controller->validate(Array)
#8 C:\xampp\htdocs\actividad_integradora\system\CodeIgniter.php(932): App\Controllers\usuario_Controller->formValidation()
#9 C:\xampp\htdocs\actividad_integradora\system\CodeIgniter.php(497): CodeIgniter\CodeIgniter->runController(Object(App\Controllers\usuario_Controller))
#10 C:\xampp\htdocs\actividad_integradora\system\CodeIgniter.php(366): CodeIgniter\CodeIgniter->handleRequest(NULL, Object(Config\Cache), false)
#11 C:\xampp\htdocs\actividad_integradora\index.php(67): CodeIgniter\CodeIgniter->run()
#12 {main}
CRITICAL - 2023-09-20 13:34:37 --> Unable to connect to the database.
Main connection [MySQLi]: Unknown database 'rus_d'
in SYSTEMPATH\Database\BaseConnection.php on line 427.
 1 SYSTEMPATH\Database\BaseConnection.php(574): CodeIgniter\Database\BaseConnection->initialize()
 2 SYSTEMPATH\Database\BaseBuilder.php(1616): CodeIgniter\Database\BaseConnection->query('SELECT 1
FROM `usuarios`
WHERE `email` = :email:
 LIMIT 1', [...], false)
 3 SYSTEMPATH\Validation\StrictRules\Rules.php(206): CodeIgniter\Database\BaseBuilder->get()
 4 SYSTEMPATH\Validation\Validation.php(278): CodeIgniter\Validation\StrictRules\Rules->is_unique('espinoza.m@gmail.com', 'email', [...], null, 'email')
 5 SYSTEMPATH\Validation\Validation.php(182): CodeIgniter\Validation\Validation->processRules('email', 'email', 'espinoza.m@gmail.com', [...], [...])
 6 SYSTEMPATH\Controller.php(141): CodeIgniter\Validation\Validation->run()
 7 APPPATH\Controllers\usuario_Controller.php(23): CodeIgniter\Controller->validate([...])
 8 SYSTEMPATH\CodeIgniter.php(932): App\Controllers\usuario_Controller->formValidation()
 9 SYSTEMPATH\CodeIgniter.php(497): CodeIgniter\CodeIgniter->runController(Object(App\Controllers\usuario_Controller))
10 SYSTEMPATH\CodeIgniter.php(366): CodeIgniter\CodeIgniter->handleRequest(null, Object(Config\Cache), false)
11 FCPATH\index.php(67): CodeIgniter\CodeIgniter->run()
INFO - 2023-09-20 13:34:53 --> Session: Class initialized using 'CodeIgniter\Session\Handlers\FileHandler' driver.
ERROR - 2023-09-20 13:36:57 --> Error connecting to the database: mysqli_sql_exception: Unknown database 'rus_d' in C:\xampp\htdocs\actividad_integradora\system\Database\MySQLi\Connection.php:174
Stack trace:
#0 C:\xampp\htdocs\actividad_integradora\system\Database\MySQLi\Connection.php(174): mysqli->real_connect('localhost', 'root', '', 'rus_d', 3307, '', 0)
#1 C:\xampp\htdocs\actividad_integradora\system\Database\BaseConnection.php(391): CodeIgniter\Database\MySQLi\Connection->connect(false)
#2 C:\xampp\htdocs\actividad_integradora\system\Database\BaseConnection.php(574): CodeIgniter\Database\BaseConnection->initialize()
#3 C:\xampp\htdocs\actividad_integradora\system\Database\BaseBuilder.php(1616): CodeIgniter\Database\BaseConnection->query('SELECT 1\nFROM `...', Array, false)
#4 C:\xampp\htdocs\actividad_integradora\system\Validation\StrictRules\Rules.php(206): CodeIgniter\Database\BaseBuilder->get()
#5 C:\xampp\htdocs\actividad_integradora\system\Validation\Validation.php(278): CodeIgniter\Validation\StrictRules\Rules->is_unique('espinoza.m@gmai...', 'email', Array, NULL, 'email')
#6 C:\xampp\htdocs\actividad_integradora\system\Validation\Validation.php(182): CodeIgniter\Validation\Validation->processRules('email', 'email', 'espinoza.m@gmai...', Array, Array)
#7 C:\xampp\htdocs\actividad_integradora\system\Controller.php(141): CodeIgniter\Validation\Validation->run()
#8 C:\xampp\htdocs\actividad_integradora\app\Controllers\usuario_Controller.php(23): CodeIgniter\Controller->validate(Array)
#9 C:\xampp\htdocs\actividad_integradora\system\CodeIgniter.php(932): App\Controllers\usuario_Controller->formValidation()
#10 C:\xampp\htdocs\actividad_integradora\system\CodeIgniter.php(497): CodeIgniter\CodeIgniter->runController(Object(App\Controllers\usuario_Controller))
#11 C:\xampp\htdocs\actividad_integradora\system\CodeIgniter.php(366): CodeIgniter\CodeIgniter->handleRequest(NULL, Object(Config\Cache), false)
#12 C:\xampp\htdocs\actividad_integradora\index.php(67): CodeIgniter\CodeIgniter->run()
#13 {main}

Next CodeIgniter\Database\Exceptions\DatabaseException: Unknown database 'rus_d' in C:\xampp\htdocs\actividad_integradora\system\Database\MySQLi\Connection.php:218
Stack trace:
#0 C:\xampp\htdocs\actividad_integradora\system\Database\BaseConnection.php(391): CodeIgniter\Database\MySQLi\Connection->connect(false)
#1 C:\xampp\htdocs\actividad_integradora\system\Database\BaseConnection.php(574): CodeIgniter\Database\BaseConnection->initialize()
#2 C:\xampp\htdocs\actividad_integradora\system\Database\BaseBuilder.php(1616): CodeIgniter\Database\BaseConnection->query('SELECT 1\nFROM `...', Array, false)
#3 C:\xampp\htdocs\actividad_integradora\system\Validation\StrictRules\Rules.php(206): CodeIgniter\Database\BaseBuilder->get()
#4 C:\xampp\htdocs\actividad_integradora\system\Validation\Validation.php(278): CodeIgniter\Validation\StrictRules\Rules->is_unique('espinoza.m@gmai...', 'email', Array, NULL, 'email')
#5 C:\xampp\htdocs\actividad_integradora\system\Validation\Validation.php(182): CodeIgniter\Validation\Validation->processRules('email', 'email', 'espinoza.m@gmai...', Array, Array)
#6 C:\xampp\htdocs\actividad_integradora\system\Controller.php(141): CodeIgniter\Validation\Validation->run()
#7 C:\xampp\htdocs\actividad_integradora\app\Controllers\usuario_Controller.php(23): CodeIgniter\Controller->validate(Array)
#8 C:\xampp\htdocs\actividad_integradora\system\CodeIgniter.php(932): App\Controllers\usuario_Controller->formValidation()
#9 C:\xampp\htdocs\actividad_integradora\system\CodeIgniter.php(497): CodeIgniter\CodeIgniter->runController(Object(App\Controllers\usuario_Controller))
#10 C:\xampp\htdocs\actividad_integradora\system\CodeIgniter.php(366): CodeIgniter\CodeIgniter->handleRequest(NULL, Object(Config\Cache), false)
#11 C:\xampp\htdocs\actividad_integradora\index.php(67): CodeIgniter\CodeIgniter->run()
#12 {main}
CRITICAL - 2023-09-20 13:36:57 --> Unable to connect to the database.
Main connection [MySQLi]: Unknown database 'rus_d'
in SYSTEMPATH\Database\BaseConnection.php on line 427.
 1 SYSTEMPATH\Database\BaseConnection.php(574): CodeIgniter\Database\BaseConnection->initialize()
 2 SYSTEMPATH\Database\BaseBuilder.php(1616): CodeIgniter\Database\BaseConnection->query('SELECT 1
FROM `usuarios`
WHERE `email` = :email:
 LIMIT 1', [...], false)
 3 SYSTEMPATH\Validation\StrictRules\Rules.php(206): CodeIgniter\Database\BaseBuilder->get()
 4 SYSTEMPATH\Validation\Validation.php(278): CodeIgniter\Validation\StrictRules\Rules->is_unique('espinoza.m@gmail.com', 'email', [...], null, 'email')
 5 SYSTEMPATH\Validation\Validation.php(182): CodeIgniter\Validation\Validation->processRules('email', 'email', 'espinoza.m@gmail.com', [...], [...])
 6 SYSTEMPATH\Controller.php(141): CodeIgniter\Validation\Validation->run()
 7 APPPATH\Controllers\usuario_Controller.php(23): CodeIgniter\Controller->validate([...])
 8 SYSTEMPATH\CodeIgniter.php(932): App\Controllers\usuario_Controller->formValidation()
 9 SYSTEMPATH\CodeIgniter.php(497): CodeIgniter\CodeIgniter->runController(Object(App\Controllers\usuario_Controller))
10 SYSTEMPATH\CodeIgniter.php(366): CodeIgniter\CodeIgniter->handleRequest(null, Object(Config\Cache), false)
11 FCPATH\index.php(67): CodeIgniter\CodeIgniter->run()
INFO - 2023-09-20 13:39:07 --> Session: Class initialized using 'CodeIgniter\Session\Handlers\FileHandler' driver.
ERROR - 2023-09-20 13:39:13 --> Error connecting to the database: mysqli_sql_exception: Unknown database 'rus_d' in C:\xampp\htdocs\actividad_integradora\system\Database\MySQLi\Connection.php:174
Stack trace:
#0 C:\xampp\htdocs\actividad_integradora\system\Database\MySQLi\Connection.php(174): mysqli->real_connect('localhost', 'root', '', 'rus_d', 3307, '', 0)
#1 C:\xampp\htdocs\actividad_integradora\system\Database\BaseConnection.php(391): CodeIgniter\Database\MySQLi\Connection->connect(false)
#2 C:\xampp\htdocs\actividad_integradora\system\Database\BaseConnection.php(574): CodeIgniter\Database\BaseConnection->initialize()
#3 C:\xampp\htdocs\actividad_integradora\system\Database\BaseBuilder.php(1616): CodeIgniter\Database\BaseConnection->query('SELECT 1\nFROM `...', Array, false)
#4 C:\xampp\htdocs\actividad_integradora\system\Validation\StrictRules\Rules.php(206): CodeIgniter\Database\BaseBuilder->get()
#5 C:\xampp\htdocs\actividad_integradora\system\Validation\Validation.php(278): CodeIgniter\Validation\StrictRules\Rules->is_unique('espinoza.m@gmai...', 'email', Array, NULL, 'email')
#6 C:\xampp\htdocs\actividad_integradora\system\Validation\Validation.php(182): CodeIgniter\Validation\Validation->processRules('email', 'email', 'espinoza.m@gmai...', Array, Array)
#7 C:\xampp\htdocs\actividad_integradora\system\Controller.php(141): CodeIgniter\Validation\Validation->run()
#8 C:\xampp\htdocs\actividad_integradora\app\Controllers\usuario_Controller.php(23): CodeIgniter\Controller->validate(Array)
#9 C:\xampp\htdocs\actividad_integradora\system\CodeIgniter.php(932): App\Controllers\usuario_Controller->formValidation()
#10 C:\xampp\htdocs\actividad_integradora\system\CodeIgniter.php(497): CodeIgniter\CodeIgniter->runController(Object(App\Controllers\usuario_Controller))
#11 C:\xampp\htdocs\actividad_integradora\system\CodeIgniter.php(366): CodeIgniter\CodeIgniter->handleRequest(NULL, Object(Config\Cache), false)
#12 C:\xampp\htdocs\actividad_integradora\index.php(67): CodeIgniter\CodeIgniter->run()
#13 {main}

Next CodeIgniter\Database\Exceptions\DatabaseException: Unknown database 'rus_d' in C:\xampp\htdocs\actividad_integradora\system\Database\MySQLi\Connection.php:218
Stack trace:
#0 C:\xampp\htdocs\actividad_integradora\system\Database\BaseConnection.php(391): CodeIgniter\Database\MySQLi\Connection->connect(false)
#1 C:\xampp\htdocs\actividad_integradora\system\Database\BaseConnection.php(574): CodeIgniter\Database\BaseConnection->initialize()
#2 C:\xampp\htdocs\actividad_integradora\system\Database\BaseBuilder.php(1616): CodeIgniter\Database\BaseConnection->query('SELECT 1\nFROM `...', Array, false)
#3 C:\xampp\htdocs\actividad_integradora\system\Validation\StrictRules\Rules.php(206): CodeIgniter\Database\BaseBuilder->get()
#4 C:\xampp\htdocs\actividad_integradora\system\Validation\Validation.php(278): CodeIgniter\Validation\StrictRules\Rules->is_unique('espinoza.m@gmai...', 'email', Array, NULL, 'email')
#5 C:\xampp\htdocs\actividad_integradora\system\Validation\Validation.php(182): CodeIgniter\Validation\Validation->processRules('email', 'email', 'espinoza.m@gmai...', Array, Array)
#6 C:\xampp\htdocs\actividad_integradora\system\Controller.php(141): CodeIgniter\Validation\Validation->run()
#7 C:\xampp\htdocs\actividad_integradora\app\Controllers\usuario_Controller.php(23): CodeIgniter\Controller->validate(Array)
#8 C:\xampp\htdocs\actividad_integradora\system\CodeIgniter.php(932): App\Controllers\usuario_Controller->formValidation()
#9 C:\xampp\htdocs\actividad_integradora\system\CodeIgniter.php(497): CodeIgniter\CodeIgniter->runController(Object(App\Controllers\usuario_Controller))
#10 C:\xampp\htdocs\actividad_integradora\system\CodeIgniter.php(366): CodeIgniter\CodeIgniter->handleRequest(NULL, Object(Config\Cache), false)
#11 C:\xampp\htdocs\actividad_integradora\index.php(67): CodeIgniter\CodeIgniter->run()
#12 {main}
CRITICAL - 2023-09-20 13:39:13 --> Unable to connect to the database.
Main connection [MySQLi]: Unknown database 'rus_d'
in SYSTEMPATH\Database\BaseConnection.php on line 427.
 1 SYSTEMPATH\Database\BaseConnection.php(574): CodeIgniter\Database\BaseConnection->initialize()
 2 SYSTEMPATH\Database\BaseBuilder.php(1616): CodeIgniter\Database\BaseConnection->query('SELECT 1
FROM `usuarios`
WHERE `email` = :email:
 LIMIT 1', [...], false)
 3 SYSTEMPATH\Validation\StrictRules\Rules.php(206): CodeIgniter\Database\BaseBuilder->get()
 4 SYSTEMPATH\Validation\Validation.php(278): CodeIgniter\Validation\StrictRules\Rules->is_unique('espinoza.m@gmail.com', 'email', [...], null, 'email')
 5 SYSTEMPATH\Validation\Validation.php(182): CodeIgniter\Validation\Validation->processRules('email', 'email', 'espinoza.m@gmail.com', [...], [...])
 6 SYSTEMPATH\Controller.php(141): CodeIgniter\Validation\Validation->run()
 7 APPPATH\Controllers\usuario_Controller.php(23): CodeIgniter\Controller->validate([...])
 8 SYSTEMPATH\CodeIgniter.php(932): App\Controllers\usuario_Controller->formValidation()
 9 SYSTEMPATH\CodeIgniter.php(497): CodeIgniter\CodeIgniter->runController(Object(App\Controllers\usuario_Controller))
10 SYSTEMPATH\CodeIgniter.php(366): CodeIgniter\CodeIgniter->handleRequest(null, Object(Config\Cache), false)
11 FCPATH\index.php(67): CodeIgniter\CodeIgniter->run()
INFO - 2023-09-20 13:39:31 --> Session: Class initialized using 'CodeIgniter\Session\Handlers\FileHandler' driver.
INFO - 2023-09-20 13:39:33 --> Session: Class initialized using 'CodeIgniter\Session\Handlers\FileHandler' driver.
ERROR - 2023-09-20 13:39:43 --> Error connecting to the database: mysqli_sql_exception: Unknown database 'rus_d' in C:\xampp\htdocs\actividad_integradora\system\Database\MySQLi\Connection.php:174
Stack trace:
#0 C:\xampp\htdocs\actividad_integradora\system\Database\MySQLi\Connection.php(174): mysqli->real_connect('localhost', 'root', '', 'rus_d', 3307, '', 0)
#1 C:\xampp\htdocs\actividad_integradora\system\Database\BaseConnection.php(391): CodeIgniter\Database\MySQLi\Connection->connect(false)
#2 C:\xampp\htdocs\actividad_integradora\system\Database\BaseConnection.php(574): CodeIgniter\Database\BaseConnection->initialize()
#3 C:\xampp\htdocs\actividad_integradora\system\Database\BaseBuilder.php(1616): CodeIgniter\Database\BaseConnection->query('SELECT 1\nFROM `...', Array, false)
#4 C:\xampp\htdocs\actividad_integradora\system\Validation\StrictRules\Rules.php(206): CodeIgniter\Database\BaseBuilder->get()
#5 C:\xampp\htdocs\actividad_integradora\system\Validation\Validation.php(278): CodeIgniter\Validation\StrictRules\Rules->is_unique('espinoza.m@gmai...', 'email', Array, NULL, 'email')
#6 C:\xampp\htdocs\actividad_integradora\system\Validation\Validation.php(182): CodeIgniter\Validation\Validation->processRules('email', 'email', 'espinoza.m@gmai...', Array, Array)
#7 C:\xampp\htdocs\actividad_integradora\system\Controller.php(141): CodeIgniter\Validation\Validation->run()
#8 C:\xampp\htdocs\actividad_integradora\app\Controllers\usuario_Controller.php(23): CodeIgniter\Controller->validate(Array)
#9 C:\xampp\htdocs\actividad_integradora\system\CodeIgniter.php(932): App\Controllers\usuario_Controller->formValidation()
#10 C:\xampp\htdocs\actividad_integradora\system\CodeIgniter.php(497): CodeIgniter\CodeIgniter->runController(Object(App\Controllers\usuario_Controller))
#11 C:\xampp\htdocs\actividad_integradora\system\CodeIgniter.php(366): CodeIgniter\CodeIgniter->handleRequest(NULL, Object(Config\Cache), false)
#12 C:\xampp\htdocs\actividad_integradora\index.php(67): CodeIgniter\CodeIgniter->run()
#13 {main}

Next CodeIgniter\Database\Exceptions\DatabaseException: Unknown database 'rus_d' in C:\xampp\htdocs\actividad_integradora\system\Database\MySQLi\Connection.php:218
Stack trace:
#0 C:\xampp\htdocs\actividad_integradora\system\Database\BaseConnection.php(391): CodeIgniter\Database\MySQLi\Connection->connect(false)
#1 C:\xampp\htdocs\actividad_integradora\system\Database\BaseConnection.php(574): CodeIgniter\Database\BaseConnection->initialize()
#2 C:\xampp\htdocs\actividad_integradora\system\Database\BaseBuilder.php(1616): CodeIgniter\Database\BaseConnection->query('SELECT 1\nFROM `...', Array, false)
#3 C:\xampp\htdocs\actividad_integradora\system\Validation\StrictRules\Rules.php(206): CodeIgniter\Database\BaseBuilder->get()
#4 C:\xampp\htdocs\actividad_integradora\system\Validation\Validation.php(278): CodeIgniter\Validation\StrictRules\Rules->is_unique('espinoza.m@gmai...', 'email', Array, NULL, 'email')
#5 C:\xampp\htdocs\actividad_integradora\system\Validation\Validation.php(182): CodeIgniter\Validation\Validation->processRules('email', 'email', 'espinoza.m@gmai...', Array, Array)
#6 C:\xampp\htdocs\actividad_integradora\system\Controller.php(141): CodeIgniter\Validation\Validation->run()
#7 C:\xampp\htdocs\actividad_integradora\app\Controllers\usuario_Controller.php(23): CodeIgniter\Controller->validate(Array)
#8 C:\xampp\htdocs\actividad_integradora\system\CodeIgniter.php(932): App\Controllers\usuario_Controller->formValidation()
#9 C:\xampp\htdocs\actividad_integradora\system\CodeIgniter.php(497): CodeIgniter\CodeIgniter->runController(Object(App\Controllers\usuario_Controller))
#10 C:\xampp\htdocs\actividad_integradora\system\CodeIgniter.php(366): CodeIgniter\CodeIgniter->handleRequest(NULL, Object(Config\Cache), false)
#11 C:\xampp\htdocs\actividad_integradora\index.php(67): CodeIgniter\CodeIgniter->run()
#12 {main}
CRITICAL - 2023-09-20 13:39:43 --> Unable to connect to the database.
Main connection [MySQLi]: Unknown database 'rus_d'
in SYSTEMPATH\Database\BaseConnection.php on line 427.
 1 SYSTEMPATH\Database\BaseConnection.php(574): CodeIgniter\Database\BaseConnection->initialize()
 2 SYSTEMPATH\Database\BaseBuilder.php(1616): CodeIgniter\Database\BaseConnection->query('SELECT 1
FROM `usuarios`
WHERE `email` = :email:
 LIMIT 1', [...], false)
 3 SYSTEMPATH\Validation\StrictRules\Rules.php(206): CodeIgniter\Database\BaseBuilder->get()
 4 SYSTEMPATH\Validation\Validation.php(278): CodeIgniter\Validation\StrictRules\Rules->is_unique('espinoza.m@gmail.com', 'email', [...], null, 'email')
 5 SYSTEMPATH\Validation\Validation.php(182): CodeIgniter\Validation\Validation->processRules('email', 'email', 'espinoza.m@gmail.com', [...], [...])
 6 SYSTEMPATH\Controller.php(141): CodeIgniter\Validation\Validation->run()
 7 APPPATH\Controllers\usuario_Controller.php(23): CodeIgniter\Controller->validate([...])
 8 SYSTEMPATH\CodeIgniter.php(932): App\Controllers\usuario_Controller->formValidation()
 9 SYSTEMPATH\CodeIgniter.php(497): CodeIgniter\CodeIgniter->runController(Object(App\Controllers\usuario_Controller))
10 SYSTEMPATH\CodeIgniter.php(366): CodeIgniter\CodeIgniter->handleRequest(null, Object(Config\Cache), false)
11 FCPATH\index.php(67): CodeIgniter\CodeIgniter->run()
INFO - 2023-09-20 13:39:46 --> Session: Class initialized using 'CodeIgniter\Session\Handlers\FileHandler' driver.
INFO - 2023-09-20 13:40:32 --> Session: Class initialized using 'CodeIgniter\Session\Handlers\FileHandler' driver.
INFO - 2023-09-20 13:41:01 --> Session: Class initialized using 'CodeIgniter\Session\Handlers\FileHandler' driver.
INFO - 2023-09-20 13:41:36 --> Session: Class initialized using 'CodeIgniter\Session\Handlers\FileHandler' driver.
INFO - 2023-09-20 13:42:06 --> Session: Class initialized using 'CodeIgniter\Session\Handlers\FileHandler' driver.
INFO - 2023-09-20 13:42:23 --> Session: Class initialized using 'CodeIgniter\Session\Handlers\FileHandler' driver.
INFO - 2023-09-20 13:50:20 --> Session: Class initialized using 'CodeIgniter\Session\Handlers\FileHandler' driver.
INFO - 2023-09-20 13:52:20 --> Session: Class initialized using 'CodeIgniter\Session\Handlers\FileHandler' driver.
INFO - 2023-09-20 13:52:33 --> Session: Class initialized using 'CodeIgniter\Session\Handlers\FileHandler' driver.
INFO - 2023-09-20 13:54:17 --> Session: Class initialized using 'CodeIgniter\Session\Handlers\FileHandler' driver.
INFO - 2023-09-20 13:54:22 --> Session: Class initialized using 'CodeIgniter\Session\Handlers\FileHandler' driver.
INFO - 2023-09-20 13:55:00 --> Session: Class initialized using 'CodeIgniter\Session\Handlers\FileHandler' driver.
INFO - 2023-09-20 13:55:05 --> Session: Class initialized using 'CodeIgniter\Session\Handlers\FileHandler' driver.
INFO - 2023-09-20 13:55:09 --> Session: Class initialized using 'CodeIgniter\Session\Handlers\FileHandler' driver.
INFO - 2023-09-20 13:56:00 --> Session: Class initialized using 'CodeIgniter\Session\Handlers\FileHandler' driver.
INFO - 2023-09-20 13:56:03 --> Session: Class initialized using 'CodeIgniter\Session\Handlers\FileHandler' driver.
INFO - 2023-09-20 13:56:38 --> Session: Class initialized using 'CodeIgniter\Session\Handlers\FileHandler' driver.
INFO - 2023-09-20 13:56:38 --> Session: Class initialized using 'CodeIgniter\Session\Handlers\FileHandler' driver.
